[     138ms] [INFO] %cDownload the React DevTools for a better development experience: https://react.dev/link/react-devtools font-weight:bold @ http://localhost:3456/_next/static/chunks/node_modules_next_dist_115brz8._.js:2431
[     153ms] [LOG] [HMR] connected @ http://localhost:3456/_next/static/chunks/node_modules_next_dist_115brz8._.js:2431
[     209ms] [ERROR] Failed to load resource: the server responded with a status of 404 () @ https://p2.music.126.net/8V9Z0jLq4bE8o9Qf2K7x1w==/109951163213022045.jpg:0
[     209ms] [ERROR] Failed to load resource: the server responded with a status of 404 () @ https://p2.music.126.net/6y-UleORqC7qEoqQr9F1nA==/109951163213021455.jpg:0
[     210ms] [ERROR] Failed to load resource: the server responded with a status of 404 () @ https://p2.music.126.net/aGf8nY1eBm9N5xR0kX7j2w==/109951163213021456.jpg:0
[     210ms] [ERROR] Failed to load resource: the server responded with a status of 404 () @ https://p2.music.126.net/1q4M5O8E3W0xR7hJ9L2aBw==/109951163213021457.jpg:0
[     210ms] [ERROR] Failed to load resource: the server responded with a status of 404 () @ https://p2.music.126.net/2r5N6P9F4X0yS8iK0aM3Cx==/109951163213021458.jpg:0
[  313662ms] [LOG] [Fast Refresh] rebuilding @ http://localhost:3456/_next/static/chunks/node_modules_next_dist_115brz8._.js:2431
[  314876ms] [LOG] [HMR] connected @ http://localhost:3456/_next/static/chunks/node_modules_next_dist_115brz8._.js:2431
[  315263ms] [INFO] %cDownload the React DevTools for a better development experience: https://react.dev/link/react-devtools font-weight:bold @ http://localhost:3456/_next/static/chunks/node_modules_next_dist_115brz8._.js:2431
[  315273ms] [LOG] [HMR] connected @ http://localhost:3456/_next/static/chunks/node_modules_next_dist_115brz8._.js:2431
[  315389ms] [LOG] [Fast Refresh] rebuilding @ http://localhost:3456/_next/static/chunks/node_modules_next_dist_115brz8._.js:2431
[  315390ms] [LOG] [Fast Refresh] done in 110ms @ http://localhost:3456/_next/static/chunks/node_modules_next_dist_115brz8._.js:2431
[  315502ms] [LOG] [Fast Refresh] rebuilding @ http://localhost:3456/_next/static/chunks/node_modules_next_dist_115brz8._.js:2431
[  315531ms] [LOG] [Fast Refresh] done in 136ms @ http://localhost:3456/_next/static/chunks/node_modules_next_dist_115brz8._.js:2431
[  315642ms] [LOG] [Fast Refresh] rebuilding @ http://localhost:3456/_next/static/chunks/node_modules_next_dist_115brz8._.js:2431
[  315643ms] [LOG] [Fast Refresh] done in 112ms @ http://localhost:3456/_next/static/chunks/node_modules_next_dist_115brz8._.js:2431
[  316280ms] [ERROR] Failed to load resource: the server responded with a status of 404 () @ https://p2.music.126.net/8V9Z0jLq4bE8o9Qf2K7x1w==/109951163213022045.jpg:0
[  316280ms] [ERROR] Failed to load resource: the server responded with a status of 404 () @ https://p2.music.126.net/6y-UleORqC7qEoqQr9F1nA==/109951163213021455.jpg:0
[  316280ms] [ERROR] Failed to load resource: the server responded with a status of 404 () @ https://p2.music.126.net/aGf8nY1eBm9N5xR0kX7j2w==/109951163213021456.jpg:0
[  316280ms] [ERROR] Failed to load resource: the server responded with a status of 404 () @ https://p2.music.126.net/1q4M5O8E3W0xR7hJ9L2aBw==/109951163213021457.jpg:0
[  316280ms] [ERROR] Failed to load resource: the server responded with a status of 404 () @ https://p2.music.126.net/2r5N6P9F4X0yS8iK0aM3Cx==/109951163213021458.jpg:0
[  338799ms] [LOG] [Fast Refresh] rebuilding @ http://localhost:3456/_next/static/chunks/node_modules_next_dist_115brz8._.js:2431
[  338920ms] [LOG] [Fast Refresh] done in 74ms @ http://localhost:3456/_next/static/chunks/node_modules_next_dist_115brz8._.js:2431
